# JRE version: OpenJDK Runtime Environment (8.0_212-b04) (build 1.8.0_212-release-1586-b04)
# Java VM: OpenJDK 64-Bit Server VM (25.212-b04 mixed mode windows-amd64 compressed oops)
Heap:
 PSYoungGen      total 473600K, used 181669K [0x00000000e0000000, 0x0000000100000000, 0x0000000100000000)
  eden space 424448K, 42% used [0x00000000e0000000,0x00000000eae565a8,0x00000000f9e80000)
  from space 49152K, 6% used [0x00000000f9e80000,0x00000000fa192ee0,0x00000000fce80000)
  to   space 49664K, 0% used [0x00000000fcf80000,0x00000000fcf80000,0x0000000100000000)
 ParOldGen       total 331264K, used 106559K [0x00000000a0000000, 0x00000000b4380000, 0x00000000e0000000)
  object space 331264K, 32% used [0x00000000a0000000,0x00000000a680fd38,0x00000000b4380000)
 Metaspace       used 106547K, capacity 111602K, committed 111872K, reserved 1146880K
  class space    used 13523K, capacity 14504K, committed 14592K, reserved 1048576K
GC Heap History (10 events):
Event: 2721.759 GC heap before
{Heap before GC invocations=23 (full 4):
 PSYoungGen      total 474112K, used 462404K [0x00000000e0000000, 0x0000000100000000, 0x0000000100000000)
  eden space 428032K, 100% used [0x00000000e0000000,0x00000000fa200000,0x00000000fa200000)
  from space 46080K, 74% used [0x00000000fd300000,0x00000000ff4911e0,0x0000000100000000)
  to   space 48128K, 0% used [0x00000000fa200000,0x00000000fa200000,0x00000000fd100000)
 ParOldGen       total 331264K, used 66178K [0x00000000a0000000, 0x00000000b4380000, 0x00000000e0000000)
  object space 331264K, 19% used [0x00000000a0000000,0x00000000a40a0b60,0x00000000b4380000)
 Metaspace       used 105971K, capacity 110990K, committed 111360K, reserved 1146880K
  class space    used 13483K, capacity 14456K, committed 14592K, reserved 1048576K
Event: 2721.783 GC heap after
Heap after GC invocations=23 (full 4):
 PSYoungGen      total 465408K, used 36864K [0x00000000e0000000, 0x0000000100000000, 0x0000000100000000)
  eden space 428032K, 0% used [0x00000000e0000000,0x00000000e0000000,0x00000000fa200000)
  from space 37376K, 98% used [0x00000000fa200000,0x00000000fc600368,0x00000000fc680000)
  to   space 50688K, 0% used [0x00000000fce80000,0x00000000fce80000,0x0000000100000000)
 ParOldGen       total 331264K, used 66178K [0x00000000a0000000, 0x00000000b4380000, 0x00000000e0000000)
  object space 331264K, 19% used [0x00000000a0000000,0x00000000a40a0b60,0x00000000b4380000)
 Metaspace       used 105971K, capacity 110990K, committed 111360K, reserved 1146880K
  class space    used 13483K, capacity 14456K, committed 14592K, reserved 1048576K
}
Event: 2722.511 GC heap before
{Heap before GC invocations=24 (full 4):
 PSYoungGen      total 465408K, used 464896K [0x00000000e0000000, 0x0000000100000000, 0x0000000100000000)
  eden space 428032K, 100% used [0x00000000e0000000,0x00000000fa200000,0x00000000fa200000)
  from space 37376K, 98% used [0x00000000fa200000,0x00000000fc600368,0x00000000fc680000)
  to   space 50688K, 0% used [0x00000000fce80000,0x00000000fce80000,0x0000000100000000)
 ParOldGen       total 331264K, used 66178K [0x00000000a0000000, 0x00000000b4380000, 0x00000000e0000000)
  object space 331264K, 19% used [0x00000000a0000000,0x00000000a40a0b60,0x00000000b4380000)
 Metaspace       used 106003K, capacity 111074K, committed 111360K, reserved 1146880K
  class space    used 13484K, capacity 14456K, committed 14592K, reserved 1048576K
Event: 2722.540 GC heap after
Heap after GC invocations=24 (full 4):
 PSYoungGen      total 474624K, used 15557K [0x00000000e0000000, 0x0000000100000000, 0x0000000100000000)
  eden space 423936K, 0% used [0x00000000e0000000,0x00000000e0000000,0x00000000f9e00000)
  from space 50688K, 30% used [0x00000000fce80000,0x00000000fddb17d0,0x0000000100000000)
  to   space 49664K, 0% used [0x00000000f9e00000,0x00000000f9e00000,0x00000000fce80000)
 ParOldGen       total 331264K, used 85893K [0x00000000a0000000, 0x00000000b4380000, 0x00000000e0000000)
  object space 331264K, 25% used [0x00000000a0000000,0x00000000a53e17f0,0x00000000b4380000)
 Metaspace       used 106003K, capacity 111074K, committed 111360K, reserved 1146880K
  class space    used 13484K, capacity 14456K, committed 14592K, reserved 1048576K
}
Event: 2723.083 GC heap before
{Heap before GC invocations=25 (full 4):
 PSYoungGen      total 474624K, used 439493K [0x00000000e0000000, 0x0000000100000000, 0x0000000100000000)
  eden space 423936K, 100% used [0x00000000e0000000,0x00000000f9e00000,0x00000000f9e00000)
  from space 50688K, 30% used [0x00000000fce80000,0x00000000fddb17d0,0x0000000100000000)
  to   space 49664K, 0% used [0x00000000f9e00000,0x00000000f9e00000,0x00000000fce80000)
 ParOldGen       total 331264K, used 85893K [0x00000000a0000000, 0x00000000b4380000, 0x00000000e0000000)
  object space 331264K, 25% used [0x00000000a0000000,0x00000000a53e17f0,0x00000000b4380000)
 Metaspace       used 106069K, capacity 111086K, committed 111360K, reserved 1146880K
  class space    used 13484K, capacity 14456K, committed 14592K, reserved 1048576K
Event: 2723.093 GC heap after
Heap after GC invocations=25 (full 4):
 PSYoungGen      total 473600K, used 7033K [0x00000000e0000000, 0x0000000100000000, 0x0000000100000000)
  eden space 423936K, 0% used [0x00000000e0000000,0x00000000e0000000,0x00000000f9e00000)
  from space 49664K, 14% used [0x00000000f9e00000,0x00000000fa4de480,0x00000000fce80000)
  to   space 50176K, 0% used [0x00000000fcf00000,0x00000000fcf00000,0x0000000100000000)
 ParOldGen       total 331264K, used 95978K [0x00000000a0000000, 0x00000000b4380000, 0x00000000e0000000)
  object space 331264K, 28% used [0x00000000a0000000,0x00000000a5dba818,0x00000000b4380000)
 Metaspace       used 106069K, capacity 111086K, committed 111360K, reserved 1146880K
  class space    used 13484K, capacity 14456K, committed 14592K, reserved 1048576K
}
Event: 2723.690 GC heap before
{Heap before GC invocations=26 (full 4):
 PSYoungGen      total 473600K, used 430969K [0x00000000e0000000, 0x0000000100000000, 0x0000000100000000)
  eden space 423936K, 100% used [0x00000000e0000000,0x00000000f9e00000,0x00000000f9e00000)
  from space 49664K, 14% used [0x00000000f9e00000,0x00000000fa4de480,0x00000000fce80000)
  to   space 50176K, 0% used [0x00000000fcf00000,0x00000000fcf00000,0x0000000100000000)
 ParOldGen       total 331264K, used 95978K [0x00000000a0000000, 0x00000000b4380000, 0x00000000e0000000)
  object space 331264K, 28% used [0x00000000a0000000,0x00000000a5dba818,0x00000000b4380000)
 Metaspace       used 106127K, capacity 111150K, committed 111360K, reserved 1146880K
  class space    used 13484K, capacity 14456K, committed 14592K, reserved 1048576K
Event: 2723.700 GC heap after
Heap after GC invocations=26 (full 4):
 PSYoungGen      total 473088K, used 10736K [0x00000000e0000000, 0x00000000ffe80000, 0x0000000100000000)
  eden space 424448K, 0% used [0x00000000e0000000,0x00000000e0000000,0x00000000f9e80000)
  from space 48640K, 22% used [0x00000000fcf00000,0x00000000fd97c1a8,0x00000000ffe80000)
  to   space 49152K, 0% used [0x00000000f9e80000,0x00000000f9e80000,0x00000000fce80000)
 ParOldGen       total 331264K, used 98184K [0x00000000a0000000, 0x00000000b4380000, 0x00000000e0000000)
  object space 331264K, 29% used [0x00000000a0000000,0x00000000a5fe2338,0x00000000b4380000)
 Metaspace       used 106127K, capacity 111150K, committed 111360K, reserved 1146880K
  class space    used 13484K, capacity 14456K, committed 14592K, reserved 1048576K
}
Event: 2725.411 GC heap before
{Heap before GC invocations=27 (full 4):
 PSYoungGen      total 473088K, used 435184K [0x00000000e0000000, 0x00000000ffe80000, 0x0000000100000000)
  eden space 424448K, 100% used [0x00000000e0000000,0x00000000f9e80000,0x00000000f9e80000)
  from space 48640K, 22% used [0x00000000fcf00000,0x00000000fd97c1a8,0x00000000ffe80000)
  to   space 49152K, 0% used [0x00000000f9e80000,0x00000000f9e80000,0x00000000fce80000)
 ParOldGen       total 331264K, used 98184K [0x00000000a0000000, 0x00000000b4380000, 0x00000000e0000000)
  object space 331264K, 29% used [0x00000000a0000000,0x00000000a5fe2338,0x00000000b4380000)
 Metaspace       used 106164K, capacity 111220K, committed 111360K, reserved 1146880K
  class space    used 13486K, capacity 14457K, committed 14592K, reserved 1048576K
Event: 2725.431 GC heap after
Heap after GC invocations=27 (full 4):
 PSYoungGen      total 473600K, used 3147K [0x00000000e0000000, 0x0000000100000000, 0x0000000100000000)
  eden space 424448K, 0% used [0x00000000e0000000,0x00000000e0000000,0x00000000f9e80000)
  from space 49152K, 6% used [0x00000000f9e80000,0x00000000fa192ee0,0x00000000fce80000)
  to   space 49664K, 0% used [0x00000000fcf80000,0x00000000fcf80000,0x0000000100000000)
 ParOldGen       total 331264K, used 106559K [0x00000000a0000000, 0x00000000b4380000, 0x00000000e0000000)
  object space 331264K, 32% used [0x00000000a0000000,0x00000000a680fd38,0x00000000b4380000)
 Metaspace       used 106164K, capacity 111220K, committed 111360K, reserved 1146880K
  class space    used 13486K, capacity 14457K, committed 14592K, reserved 1048576K
}

